<?xml version="1.0" encoding="UTF-8"?>
<!-- Generated by org.testng.reporters.JUnitXMLReporter -->
<testsuite hostname="Ahammed" ignored="0" tests="11" failures="0" timestamp="22 Jul 2018 01:27:36 GMT" time="1.076" errors="0">
  <testcase name="printData" time="0.016" classname="ReadExcelData"/>
  <testcase name="printData" time="0.002" classname="ReadExcelData"/>
  <testcase name="printData" time="0.002" classname="ReadExcelData"/>
  <testcase name="printData" time="0.002" classname="ReadExcelData"/>
  <testcase name="printData" time="0.005" classname="ReadExcelData"/>
  <testcase name="printData" time="0.006" classname="ReadExcelData"/>
  <testcase name="printData" time="0.002" classname="ReadExcelData"/>
  <testcase name="printData" time="0.002" classname="ReadExcelData"/>
  <testcase name="printData" time="0.001" classname="ReadExcelData"/>
  <testcase name="printData" time="0.002" classname="ReadExcelData"/>
  <testcase name="printData" time="0.001" classname="ReadExcelData"/>
</testsuite>
