<?xml version="1.0" encoding="UTF-8"?>
<testng-results skipped="0" failed="0" ignored="0" total="11" passed="11">
  <reporter-output>
  </reporter-output>
  <suite name="Default suite" duration-ms="1076" started-at="2018-07-22T01:27:35Z" finished-at="2018-07-22T01:27:36Z">
    <groups>
    </groups>
    <test name="Default test" duration-ms="1076" started-at="2018-07-22T01:27:35Z" finished-at="2018-07-22T01:27:36Z">
      <class name="ReadExcelData">
        <test-method status="PASS" signature="printData(java.lang.String, java.lang.String, java.lang.String, java.lang.String, java.lang.String, java.lang.String, java.lang.String, java.lang.String, java.lang.String, java.lang.String)[pri:0, instance:ReadExcelData@66a3ffec]" name="printData" duration-ms="16" started-at="2018-07-21T21:27:36Z" data-provider="data" finished-at="2018-07-21T21:27:36Z">
          <params>
            <param index="0">
              <value>
                <![CDATA[FirstName 1]]>
              </value>
            </param>
            <param index="1">
              <value>
                <![CDATA[LastName 1]]>
              </value>
            </param>
            <param index="2">
              <value>
                <![CDATA[FNamLNam01@Gmail.com]]>
              </value>
            </param>
            <param index="3">
              <value>
                <![CDATA[347-844-9074]]>
              </value>
            </param>
            <param index="4">
              <value>
                <![CDATA[89 MetOval]]>
              </value>
            </param>
            <param index="5">
              <value>
                <![CDATA[Bronx1]]>
              </value>
            </param>
            <param index="6">
              <value>
                <![CDATA[Alabama]]>
              </value>
            </param>
            <param index="7">
              <value>
                <![CDATA[10462]]>
              </value>
            </param>
            <param index="8">
              <value>
                <![CDATA[ahammedsorif01.com]]>
              </value>
            </param>
            <param index="9">
              <value>
                <![CDATA[Hello World my name is FirtName 1 and LastName 1 how are you doing call me any time .Thank you]]>
              </value>
            </param>
          </params>
          <reporter-output>
          </reporter-output>
        </test-method> <!-- printData -->
        <test-method status="PASS" signature="printData(java.lang.String, java.lang.String, java.lang.String, java.lang.String, java.lang.String, java.lang.String, java.lang.String, java.lang.String, java.lang.String, java.lang.String)[pri:0, instance:ReadExcelData@66a3ffec]" name="printData" duration-ms="2" started-at="2018-07-21T21:27:36Z" data-provider="data" finished-at="2018-07-21T21:27:36Z">
          <params>
            <param index="0">
              <value>
                <![CDATA[FirstName 2]]>
              </value>
            </param>
            <param index="1">
              <value>
                <![CDATA[LastName 2]]>
              </value>
            </param>
            <param index="2">
              <value>
                <![CDATA[FNamLNam02@Gmail.com]]>
              </value>
            </param>
            <param index="3">
              <value>
                <![CDATA[347-844-9075]]>
              </value>
            </param>
            <param index="4">
              <value>
                <![CDATA[90 MetOval]]>
              </value>
            </param>
            <param index="5">
              <value>
                <![CDATA[Bronx2]]>
              </value>
            </param>
            <param index="6">
              <value>
                <![CDATA[Alaska]]>
              </value>
            </param>
            <param index="7">
              <value>
                <![CDATA[10462]]>
              </value>
            </param>
            <param index="8">
              <value>
                <![CDATA[ahammedsorif02.com]]>
              </value>
            </param>
            <param index="9">
              <value>
                <![CDATA[Hello World my name is FirtName 2 and LastName 2 how are you doing call me any time .Thank you]]>
              </value>
            </param>
          </params>
          <reporter-output>
          </reporter-output>
        </test-method> <!-- printData -->
        <test-method status="PASS" signature="printData(java.lang.String, java.lang.String, java.lang.String, java.lang.String, java.lang.String, java.lang.String, java.lang.String, java.lang.String, java.lang.String, java.lang.String)[pri:0, instance:ReadExcelData@66a3ffec]" name="printData" duration-ms="2" started-at="2018-07-21T21:27:36Z" data-provider="data" finished-at="2018-07-21T21:27:36Z">
          <params>
            <param index="0">
              <value>
                <![CDATA[FirstName 3]]>
              </value>
            </param>
            <param index="1">
              <value>
                <![CDATA[LastName 3]]>
              </value>
            </param>
            <param index="2">
              <value>
                <![CDATA[FNamLNam03@Gmail.com]]>
              </value>
            </param>
            <param index="3">
              <value>
                <![CDATA[347-844-9076]]>
              </value>
            </param>
            <param index="4">
              <value>
                <![CDATA[91 MetOval]]>
              </value>
            </param>
            <param index="5">
              <value>
                <![CDATA[Bronx3]]>
              </value>
            </param>
            <param index="6">
              <value>
                <![CDATA[Arizona]]>
              </value>
            </param>
            <param index="7">
              <value>
                <![CDATA[10462]]>
              </value>
            </param>
            <param index="8">
              <value>
                <![CDATA[ahammedsorif03.com]]>
              </value>
            </param>
            <param index="9">
              <value>
                <![CDATA[Hello World my name is FirtName 3 and LastName 3 how are you doing call me any time .Thank you]]>
              </value>
            </param>
          </params>
          <reporter-output>
          </reporter-output>
        </test-method> <!-- printData -->
        <test-method status="PASS" signature="printData(java.lang.String, java.lang.String, java.lang.String, java.lang.String, java.lang.String, java.lang.String, java.lang.String, java.lang.String, java.lang.String, java.lang.String)[pri:0, instance:ReadExcelData@66a3ffec]" name="printData" duration-ms="2" started-at="2018-07-21T21:27:36Z" data-provider="data" finished-at="2018-07-21T21:27:36Z">
          <params>
            <param index="0">
              <value>
                <![CDATA[FirstName 4]]>
              </value>
            </param>
            <param index="1">
              <value>
                <![CDATA[LastName 4]]>
              </value>
            </param>
            <param index="2">
              <value>
                <![CDATA[FNamLNam04@Gmail.com]]>
              </value>
            </param>
            <param index="3">
              <value>
                <![CDATA[347-844-9077]]>
              </value>
            </param>
            <param index="4">
              <value>
                <![CDATA[92 MetOval]]>
              </value>
            </param>
            <param index="5">
              <value>
                <![CDATA[Bronx4]]>
              </value>
            </param>
            <param index="6">
              <value>
                <![CDATA[District of Columbia]]>
              </value>
            </param>
            <param index="7">
              <value>
                <![CDATA[10462]]>
              </value>
            </param>
            <param index="8">
              <value>
                <![CDATA[ahammedsorif04.com]]>
              </value>
            </param>
            <param index="9">
              <value>
                <![CDATA[Hello World my name is FirtName 4 and LastName 4 how are you doing call me any time .Thank you]]>
              </value>
            </param>
          </params>
          <reporter-output>
          </reporter-output>
        </test-method> <!-- printData -->
        <test-method status="PASS" signature="printData(java.lang.String, java.lang.String, java.lang.String, java.lang.String, java.lang.String, java.lang.String, java.lang.String, java.lang.String, java.lang.String, java.lang.String)[pri:0, instance:ReadExcelData@66a3ffec]" name="printData" duration-ms="5" started-at="2018-07-21T21:27:36Z" data-provider="data" finished-at="2018-07-21T21:27:36Z">
          <params>
            <param index="0">
              <value>
                <![CDATA[FirstName 5]]>
              </value>
            </param>
            <param index="1">
              <value>
                <![CDATA[LastName 5]]>
              </value>
            </param>
            <param index="2">
              <value>
                <![CDATA[FNamLNam05@Gmail.com]]>
              </value>
            </param>
            <param index="3">
              <value>
                <![CDATA[347-844-9078]]>
              </value>
            </param>
            <param index="4">
              <value>
                <![CDATA[93 MetOval]]>
              </value>
            </param>
            <param index="5">
              <value>
                <![CDATA[Bronx5]]>
              </value>
            </param>
            <param index="6">
              <value>
                <![CDATA[Florida]]>
              </value>
            </param>
            <param index="7">
              <value>
                <![CDATA[10462]]>
              </value>
            </param>
            <param index="8">
              <value>
                <![CDATA[ahammedsorif05.com]]>
              </value>
            </param>
            <param index="9">
              <value>
                <![CDATA[Hello World my name is FirtName 5 and LastName 5 how are you doing call me any time .Thank you]]>
              </value>
            </param>
          </params>
          <reporter-output>
          </reporter-output>
        </test-method> <!-- printData -->
        <test-method status="PASS" signature="printData(java.lang.String, java.lang.String, java.lang.String, java.lang.String, java.lang.String, java.lang.String, java.lang.String, java.lang.String, java.lang.String, java.lang.String)[pri:0, instance:ReadExcelData@66a3ffec]" name="printData" duration-ms="6" started-at="2018-07-21T21:27:36Z" data-provider="data" finished-at="2018-07-21T21:27:36Z">
          <params>
            <param index="0">
              <value>
                <![CDATA[FirstName 6]]>
              </value>
            </param>
            <param index="1">
              <value>
                <![CDATA[LastName 6]]>
              </value>
            </param>
            <param index="2">
              <value>
                <![CDATA[FNamLNam06@Gmail.com]]>
              </value>
            </param>
            <param index="3">
              <value>
                <![CDATA[347-844-9079]]>
              </value>
            </param>
            <param index="4">
              <value>
                <![CDATA[94 MetOval]]>
              </value>
            </param>
            <param index="5">
              <value>
                <![CDATA[Bronx6]]>
              </value>
            </param>
            <param index="6">
              <value>
                <![CDATA[Georgia]]>
              </value>
            </param>
            <param index="7">
              <value>
                <![CDATA[10462]]>
              </value>
            </param>
            <param index="8">
              <value>
                <![CDATA[ahammedsorif06.com]]>
              </value>
            </param>
            <param index="9">
              <value>
                <![CDATA[Hello World my name is FirtName 6 and LastName 6 how are you doing call me any time .Thank you]]>
              </value>
            </param>
          </params>
          <reporter-output>
          </reporter-output>
        </test-method> <!-- printData -->
        <test-method status="PASS" signature="printData(java.lang.String, java.lang.String, java.lang.String, java.lang.String, java.lang.String, java.lang.String, java.lang.String, java.lang.String, java.lang.String, java.lang.String)[pri:0, instance:ReadExcelData@66a3ffec]" name="printData" duration-ms="2" started-at="2018-07-21T21:27:36Z" data-provider="data" finished-at="2018-07-21T21:27:36Z">
          <params>
            <param index="0">
              <value>
                <![CDATA[FirstName 7]]>
              </value>
            </param>
            <param index="1">
              <value>
                <![CDATA[LastName 7]]>
              </value>
            </param>
            <param index="2">
              <value>
                <![CDATA[FNamLNam07@Gmail.com]]>
              </value>
            </param>
            <param index="3">
              <value>
                <![CDATA[347-844-9080]]>
              </value>
            </param>
            <param index="4">
              <value>
                <![CDATA[95 MetOval]]>
              </value>
            </param>
            <param index="5">
              <value>
                <![CDATA[Bronx7]]>
              </value>
            </param>
            <param index="6">
              <value>
                <![CDATA[Hawaii]]>
              </value>
            </param>
            <param index="7">
              <value>
                <![CDATA[10462]]>
              </value>
            </param>
            <param index="8">
              <value>
                <![CDATA[ahammedsorif07.com]]>
              </value>
            </param>
            <param index="9">
              <value>
                <![CDATA[Hello World my name is FirtName 7 and LastName 7 how are you doing call me any time .Thank you]]>
              </value>
            </param>
          </params>
          <reporter-output>
          </reporter-output>
        </test-method> <!-- printData -->
        <test-method status="PASS" signature="printData(java.lang.String, java.lang.String, java.lang.String, java.lang.String, java.lang.String, java.lang.String, java.lang.String, java.lang.String, java.lang.String, java.lang.String)[pri:0, instance:ReadExcelData@66a3ffec]" name="printData" duration-ms="2" started-at="2018-07-21T21:27:36Z" data-provider="data" finished-at="2018-07-21T21:27:36Z">
          <params>
            <param index="0">
              <value>
                <![CDATA[FirstName 8]]>
              </value>
            </param>
            <param index="1">
              <value>
                <![CDATA[LastName 8]]>
              </value>
            </param>
            <param index="2">
              <value>
                <![CDATA[FNamLNam08@Gmail.com]]>
              </value>
            </param>
            <param index="3">
              <value>
                <![CDATA[347-844-9081]]>
              </value>
            </param>
            <param index="4">
              <value>
                <![CDATA[96 MetOval]]>
              </value>
            </param>
            <param index="5">
              <value>
                <![CDATA[Bronx8]]>
              </value>
            </param>
            <param index="6">
              <value>
                <![CDATA[Maryland]]>
              </value>
            </param>
            <param index="7">
              <value>
                <![CDATA[10462]]>
              </value>
            </param>
            <param index="8">
              <value>
                <![CDATA[ahammedsorif08.com]]>
              </value>
            </param>
            <param index="9">
              <value>
                <![CDATA[Hello World my name is FirtName 8 and LastName 8 how are you doing call me any time .Thank you]]>
              </value>
            </param>
          </params>
          <reporter-output>
          </reporter-output>
        </test-method> <!-- printData -->
        <test-method status="PASS" signature="printData(java.lang.String, java.lang.String, java.lang.String, java.lang.String, java.lang.String, java.lang.String, java.lang.String, java.lang.String, java.lang.String, java.lang.String)[pri:0, instance:ReadExcelData@66a3ffec]" name="printData" duration-ms="1" started-at="2018-07-21T21:27:36Z" data-provider="data" finished-at="2018-07-21T21:27:36Z">
          <params>
            <param index="0">
              <value>
                <![CDATA[FirstName 9]]>
              </value>
            </param>
            <param index="1">
              <value>
                <![CDATA[LastName 9]]>
              </value>
            </param>
            <param index="2">
              <value>
                <![CDATA[FNamLNam09@Gmail.com]]>
              </value>
            </param>
            <param index="3">
              <value>
                <![CDATA[347-844-9082]]>
              </value>
            </param>
            <param index="4">
              <value>
                <![CDATA[97 MetOval]]>
              </value>
            </param>
            <param index="5">
              <value>
                <![CDATA[Bronx9]]>
              </value>
            </param>
            <param index="6">
              <value>
                <![CDATA[Mass]]>
              </value>
            </param>
            <param index="7">
              <value>
                <![CDATA[10462]]>
              </value>
            </param>
            <param index="8">
              <value>
                <![CDATA[ahammedsorif09.com]]>
              </value>
            </param>
            <param index="9">
              <value>
                <![CDATA[Hello World my name is FirtName 9 and LastName 9 how are you doing call me any time .Thank you]]>
              </value>
            </param>
          </params>
          <reporter-output>
          </reporter-output>
        </test-method> <!-- printData -->
        <test-method status="PASS" signature="printData(java.lang.String, java.lang.String, java.lang.String, java.lang.String, java.lang.String, java.lang.String, java.lang.String, java.lang.String, java.lang.String, java.lang.String)[pri:0, instance:ReadExcelData@66a3ffec]" name="printData" duration-ms="2" started-at="2018-07-21T21:27:36Z" data-provider="data" finished-at="2018-07-21T21:27:36Z">
          <params>
            <param index="0">
              <value>
                <![CDATA[FirstName 10]]>
              </value>
            </param>
            <param index="1">
              <value>
                <![CDATA[LastName 10]]>
              </value>
            </param>
            <param index="2">
              <value>
                <![CDATA[FNamLNam10@Gmail.com]]>
              </value>
            </param>
            <param index="3">
              <value>
                <![CDATA[347-844-9083]]>
              </value>
            </param>
            <param index="4">
              <value>
                <![CDATA[98 MetOval]]>
              </value>
            </param>
            <param index="5">
              <value>
                <![CDATA[Bronx10]]>
              </value>
            </param>
            <param index="6">
              <value>
                <![CDATA[Michigan]]>
              </value>
            </param>
            <param index="7">
              <value>
                <![CDATA[10462]]>
              </value>
            </param>
            <param index="8">
              <value>
                <![CDATA[ahammedsorif10.com]]>
              </value>
            </param>
            <param index="9">
              <value>
                <![CDATA[Hello World my name is FirtName 10 and LastName 10 how are you doing call me any time .Thank you]]>
              </value>
            </param>
          </params>
          <reporter-output>
          </reporter-output>
        </test-method> <!-- printData -->
        <test-method status="PASS" signature="printData(java.lang.String, java.lang.String, java.lang.String, java.lang.String, java.lang.String, java.lang.String, java.lang.String, java.lang.String, java.lang.String, java.lang.String)[pri:0, instance:ReadExcelData@66a3ffec]" name="printData" duration-ms="1" started-at="2018-07-21T21:27:36Z" data-provider="data" finished-at="2018-07-21T21:27:36Z">
          <params>
            <param index="0">
              <value>
                <![CDATA[FirstName 10]]>
              </value>
            </param>
            <param index="1">
              <value>
                <![CDATA[]]>
              </value>
            </param>
            <param index="2">
              <value>
                <![CDATA[]]>
              </value>
            </param>
            <param index="3">
              <value>
                <![CDATA[]]>
              </value>
            </param>
            <param index="4">
              <value>
                <![CDATA[]]>
              </value>
            </param>
            <param index="5">
              <value>
                <![CDATA[]]>
              </value>
            </param>
            <param index="6">
              <value>
                <![CDATA[]]>
              </value>
            </param>
            <param index="7">
              <value>
                <![CDATA[]]>
              </value>
            </param>
            <param index="8">
              <value>
                <![CDATA[]]>
              </value>
            </param>
            <param index="9">
              <value>
                <![CDATA[]]>
              </value>
            </param>
          </params>
          <reporter-output>
          </reporter-output>
        </test-method> <!-- printData -->
      </class> <!-- ReadExcelData -->
    </test> <!-- Default test -->
  </suite> <!-- Default suite -->
</testng-results>
